# JRE version: Java(TM) SE Runtime Environment (8.0_131-b11) (build 1.8.0_131-b11)
# Java VM: Java HotSpot(TM) 64-Bit Server VM (25.131-b11 mixed mode linux-amd64 compressed oops)
Heap:
 PSYoungGen      total 38400K, used 35360K [0x00000000e9f00000, 0x00000000ed600000, 0x0000000100000000)
  eden space 35840K, 92% used [0x00000000e9f00000,0x00000000ebf5e7d8,0x00000000ec200000)
  from space 2560K, 86% used [0x00000000ec200000,0x00000000ec429b50,0x00000000ec480000)
  to   space 7168K, 0% used [0x00000000ecf00000,0x00000000ecf00000,0x00000000ed600000)
 ParOldGen       total 81920K, used 41874K [0x00000000bdc00000, 0x00000000c2c00000, 0x00000000e9f00000)
  object space 81920K, 51% used [0x00000000bdc00000,0x00000000c04e4858,0x00000000c2c00000)
 Metaspace       used 23119K, capacity 24132K, committed 24448K, reserved 1071104K
  class space    used 3129K, capacity 3337K, committed 3456K, reserved 1048576K
GC Heap History (10 events):
Event: 6.322 GC heap before
{Heap before GC invocations=3 (full 0):
 PSYoungGen      total 20480K, used 13189K [0x00000000e9f00000, 0x00000000eb580000, 0x0000000100000000)
  eden space 17920K, 59% used [0x00000000e9f00000,0x00000000ea961748,0x00000000eb080000)
  from space 2560K, 100% used [0x00000000eb300000,0x00000000eb580000,0x00000000eb580000)
  to   space 2560K, 0% used [0x00000000eb080000,0x00000000eb080000,0x00000000eb300000)
 ParOldGen       total 46592K, used 3343K [0x00000000bdc00000, 0x00000000c0980000, 0x00000000e9f00000)
  object space 46592K, 7% used [0x00000000bdc00000,0x00000000bdf43db0,0x00000000c0980000)
 Metaspace       used 20037K, capacity 21064K, committed 21248K, reserved 1067008K
  class space    used 2939K, capacity 3203K, committed 3328K, reserved 1048576K
Event: 6.345 GC heap after
Heap after GC invocations=3 (full 0):
 PSYoungGen      total 20480K, used 2544K [0x00000000e9f00000, 0x00000000ec700000, 0x0000000100000000)
  eden space 17920K, 0% used [0x00000000e9f00000,0x00000000e9f00000,0x00000000eb080000)
  from space 2560K, 99% used [0x00000000eb080000,0x00000000eb2fc030,0x00000000eb300000)
  to   space 2560K, 0% used [0x00000000ec480000,0x00000000ec480000,0x00000000ec700000)
 ParOldGen       total 46592K, used 6077K [0x00000000bdc00000, 0x00000000c0980000, 0x00000000e9f00000)
  object space 46592K, 13% used [0x00000000bdc00000,0x00000000be1ef6e8,0x00000000c0980000)
 Metaspace       used 20037K, capacity 21064K, committed 21248K, reserved 1067008K
  class space    used 2939K, capacity 3203K, committed 3328K, reserved 1048576K
}
Event: 6.345 GC heap before
{Heap before GC invocations=4 (full 1):
 PSYoungGen      total 20480K, used 2544K [0x00000000e9f00000, 0x00000000ec700000, 0x0000000100000000)
  eden space 17920K, 0% used [0x00000000e9f00000,0x00000000e9f00000,0x00000000eb080000)
  from space 2560K, 99% used [0x00000000eb080000,0x00000000eb2fc030,0x00000000eb300000)
  to   space 2560K, 0% used [0x00000000ec480000,0x00000000ec480000,0x00000000ec700000)
 ParOldGen       total 46592K, used 6077K [0x00000000bdc00000, 0x00000000c0980000, 0x00000000e9f00000)
  object space 46592K, 13% used [0x00000000bdc00000,0x00000000be1ef6e8,0x00000000c0980000)
 Metaspace       used 20037K, capacity 21064K, committed 21248K, reserved 1067008K
  class space    used 2939K, capacity 3203K, committed 3328K, reserved 1048576K
Event: 6.408 GC heap after
Heap after GC invocations=4 (full 1):
 PSYoungGen      total 20480K, used 0K [0x00000000e9f00000, 0x00000000ec700000, 0x0000000100000000)
  eden space 17920K, 0% used [0x00000000e9f00000,0x00000000e9f00000,0x00000000eb080000)
  from space 2560K, 0% used [0x00000000eb080000,0x00000000eb080000,0x00000000eb300000)
  to   space 2560K, 0% used [0x00000000ec480000,0x00000000ec480000,0x00000000ec700000)
 ParOldGen       total 39424K, used 8238K [0x00000000bdc00000, 0x00000000c0280000, 0x00000000e9f00000)
  object space 39424K, 20% used [0x00000000bdc00000,0x00000000be40bb50,0x00000000c0280000)
 Metaspace       used 20037K, capacity 21064K, committed 21248K, reserved 1067008K
  class space    used 2939K, capacity 3203K, committed 3328K, reserved 1048576K
}
Event: 129.352 GC heap before
{Heap before GC invocations=5 (full 1):
 PSYoungGen      total 20480K, used 16420K [0x00000000e9f00000, 0x00000000ec700000, 0x0000000100000000)
  eden space 17920K, 91% used [0x00000000e9f00000,0x00000000eaf09110,0x00000000eb080000)
  from space 2560K, 0% used [0x00000000eb080000,0x00000000eb080000,0x00000000eb300000)
  to   space 2560K, 0% used [0x00000000ec480000,0x00000000ec480000,0x00000000ec700000)
 ParOldGen       total 39424K, used 8238K [0x00000000bdc00000, 0x00000000c0280000, 0x00000000e9f00000)
  object space 39424K, 20% used [0x00000000bdc00000,0x00000000be40bb50,0x00000000c0280000)
 Metaspace       used 21438K, capacity 22486K, committed 22784K, reserved 1069056K
  class space    used 3065K, capacity 3286K, committed 3328K, reserved 1048576K
Event: 129.435 GC heap after
Heap after GC invocations=5 (full 1):
 PSYoungGen      total 29184K, used 2411K [0x00000000e9f00000, 0x00000000ec700000, 0x0000000100000000)
  eden space 26624K, 0% used [0x00000000e9f00000,0x00000000e9f00000,0x00000000eb900000)
  from space 2560K, 94% used [0x00000000ec480000,0x00000000ec6dae88,0x00000000ec700000)
  to   space 2560K, 0% used [0x00000000ec200000,0x00000000ec200000,0x00000000ec480000)
 ParOldGen       total 39424K, used 35848K [0x00000000bdc00000, 0x00000000c0280000, 0x00000000e9f00000)
  object space 39424K, 90% used [0x00000000bdc00000,0x00000000bff02140,0x00000000c0280000)
 Metaspace       used 21438K, capacity 22486K, committed 22784K, reserved 1069056K
  class space    used 3065K, capacity 3286K, committed 3328K, reserved 1048576K
}
Event: 129.435 GC heap before
{Heap before GC invocations=6 (full 2):
 PSYoungGen      total 29184K, used 2411K [0x00000000e9f00000, 0x00000000ec700000, 0x0000000100000000)
  eden space 26624K, 0% used [0x00000000e9f00000,0x00000000e9f00000,0x00000000eb900000)
  from space 2560K, 94% used [0x00000000ec480000,0x00000000ec6dae88,0x00000000ec700000)
  to   space 2560K, 0% used [0x00000000ec200000,0x00000000ec200000,0x00000000ec480000)
 ParOldGen       total 39424K, used 35848K [0x00000000bdc00000, 0x00000000c0280000, 0x00000000e9f00000)
  object space 39424K, 90% used [0x00000000bdc00000,0x00000000bff02140,0x00000000c0280000)
 Metaspace       used 21438K, capacity 22486K, committed 22784K, reserved 1069056K
  class space    used 3065K, capacity 3286K, committed 3328K, reserved 1048576K
Event: 129.477 GC heap after
Heap after GC invocations=6 (full 2):
 PSYoungGen      total 29184K, used 0K [0x00000000e9f00000, 0x00000000ec700000, 0x0000000100000000)
  eden space 26624K, 0% used [0x00000000e9f00000,0x00000000e9f00000,0x00000000eb900000)
  from space 2560K, 0% used [0x00000000ec480000,0x00000000ec480000,0x00000000ec700000)
  to   space 2560K, 0% used [0x00000000ec200000,0x00000000ec200000,0x00000000ec480000)
 ParOldGen       total 81920K, used 20272K [0x00000000bdc00000, 0x00000000c2c00000, 0x00000000e9f00000)
  object space 81920K, 24% used [0x00000000bdc00000,0x00000000befcc070,0x00000000c2c00000)
 Metaspace       used 21438K, capacity 22486K, committed 22784K, reserved 1069056K
  class space    used 3065K, capacity 3286K, committed 3328K, reserved 1048576K
}
Event: 401.220 GC heap before
{Heap before GC invocations=7 (full 2):
 PSYoungGen      total 29184K, used 26624K [0x00000000e9f00000, 0x00000000ec700000, 0x0000000100000000)
  eden space 26624K, 100% used [0x00000000e9f00000,0x00000000eb900000,0x00000000eb900000)
  from space 2560K, 0% used [0x00000000ec480000,0x00000000ec480000,0x00000000ec700000)
  to   space 2560K, 0% used [0x00000000ec200000,0x00000000ec200000,0x00000000ec480000)
 ParOldGen       total 81920K, used 20272K [0x00000000bdc00000, 0x00000000c2c00000, 0x00000000e9f00000)
  object space 81920K, 24% used [0x00000000bdc00000,0x00000000befcc070,0x00000000c2c00000)
 Metaspace       used 21746K, capacity 22748K, committed 23040K, reserved 1069056K
  class space    used 3066K, capacity 3287K, committed 3328K, reserved 1048576K
Event: 401.232 GC heap after
Heap after GC invocations=7 (full 2):
 PSYoungGen      total 38400K, used 2214K [0x00000000e9f00000, 0x00000000ed600000, 0x0000000100000000)
  eden space 35840K, 0% used [0x00000000e9f00000,0x00000000e9f00000,0x00000000ec200000)
  from space 2560K, 86% used [0x00000000ec200000,0x00000000ec429b50,0x00000000ec480000)
  to   space 7168K, 0% used [0x00000000ecf00000,0x00000000ecf00000,0x00000000ed600000)
 ParOldGen       total 81920K, used 41874K [0x00000000bdc00000, 0x00000000c2c00000, 0x00000000e9f00000)
  object space 81920K, 51% used [0x00000000bdc00000,0x00000000c04e4858,0x00000000c2c00000)
 Metaspace       used 21746K, capacity 22748K, committed 23040K, reserved 1069056K
  class space    used 3066K, capacity 3287K, committed 3328K, reserved 1048576K
}

